0 verbose cli /usr/bin/node /usr/lib/node_modules/npm/bin/npm-cli.js
1 info using npm@10.8.2
2 info using node@v20.19.1
3 silly config load:file:/usr/lib/node_modules/npm/npmrc
4 silly config load:file:/home/user/.npmrc
5 silly config load:file:/usr/etc/npmrc
6 verbose title npm exec create-next-app@latest teos-diet-app --typescript --eslint --tailwind --app --src-dir
7 verbose argv "exec" "--" "create-next-app@latest" "teos-diet-app" "--typescript" "--eslint" "--tailwind" "--app" "--src-dir"
8 verbose logfile logs-max:10 dir:/home/user/.npm/_logs/2025-05-14T12_05_48_150Z-
9 verbose logfile /home/user/.npm/_logs/2025-05-14T12_05_48_150Z-debug-0.log
10 silly logfile done cleaning log files
11 silly packumentCache heap:530317312 maxSize:132579328 maxEntrySize:66289664
12 http fetch GET 200 https://registry.npmjs.org/npm 221ms
13 http fetch GET 200 https://registry.npmjs.org/create-next-app 369ms (cache miss)
14 silly packumentCache heap:530317312 maxSize:132579328 maxEntrySize:66289664
15 silly packumentCache heap:530317312 maxSize:132579328 maxEntrySize:66289664
16 warn exec The following package was not found and will be installed: create-next-app@15.3.2
17 silly idealTree buildDeps
18 silly fetch manifest create-next-app@15.3.2
19 silly packumentCache full:https://registry.npmjs.org/create-next-app cache-miss
20 http fetch GET 200 https://registry.npmjs.org/create-next-app 511ms (cache miss)
21 silly packumentCache full:https://registry.npmjs.org/create-next-app set size:undefined disposed:false
22 silly placeDep ROOT create-next-app@15.3.2 OK for:  want: 15.3.2
23 silly reify moves {}
24 silly audit bulk request { 'create-next-app': [ '15.3.2' ] }
25 silly tarball no local data for create-next-app@https://registry.npmjs.org/create-next-app/-/create-next-app-15.3.2.tgz. Extracting by manifest.
26 http fetch POST 200 https://registry.npmjs.org/-/npm/v1/security/advisories/bulk 94ms
27 silly audit report {}
28 http fetch GET 200 https://registry.npmjs.org/create-next-app/-/create-next-app-15.3.2.tgz 260ms (cache miss)
29 verbose cwd /home/user
30 verbose os Linux 6.1.102
31 verbose node v20.19.1
32 verbose npm  v10.8.2
33 notice
33 notice New major version of npm available! 10.8.2 -> 11.3.0
33 notice Changelog: https://github.com/npm/cli/releases/tag/v11.3.0
33 notice To update run: npm install -g npm@11.3.0
33 notice  { force: true, [Symbol(proc-log.meta)]: true }
34 verbose exit 0
35 info ok
